2025-10-22 10:46:35 - ScreenshotTool - INFO - Статус обновлен: Режим захвата активного окна выключен
2025-10-22 10:46:52 - ScreenshotTool - INFO - Статус обновлен: Режим захвата активного окна выключен
2025-10-22 10:46:52 - ScreenshotTool - INFO - Статус обновлен: Горячая клавиша выключена
2025-10-22 10:55:45 - ScreenshotTool - INFO - Статус обновлен: Режим захвата активного окна выключен
2025-10-22 10:55:45 - ScreenshotTool - INFO - Статус обновлен: Горячая клавиша выключена
2025-10-22 11:22:46 - ScreenshotTool - INFO - Настройки сохранены
2025-10-22 11:22:46 - ScreenshotTool - INFO - Настройки изменены, обновляем конфигурацию
2025-10-22 11:22:46 - ScreenshotTool - INFO - Статус обновлен: Настройки обновлены
2025-10-22 11:22:53 - ScreenshotTool - INFO - Статус обновлен: Режим захвата активного окна выключен
2025-10-22 11:22:53 - ScreenshotTool - INFO - Статус обновлен: Горячая клавиша выключена
2025-10-22 11:22:53 - ScreenshotTool - INFO - UI сброшен после выбора папки
2025-10-22 11:22:55 - ScreenshotTool - INFO - Статус обновлен: Режим захвата активного окна включен
2025-10-22 11:22:55 - ScreenshotTool - INFO - Статус обновлен: Горячие клавиши: (print screen или insert)
2025-10-22 11:22:56 - ScreenshotTool - INFO - Начинаем создание скриншота
2025-10-22 11:22:57 - ScreenshotTool - INFO - Скриншот окна сохранен: screenshot_0000.png
2025-10-22 11:22:57 - ScreenshotTool - INFO - Статус обновлен: Скриншот окна сохранен: screenshot_0000.png
2025-10-22 11:22:57 - ScreenshotTool - INFO - Начинаем создание скриншота
2025-10-22 11:22:58 - ScreenshotTool - INFO - Скриншот окна сохранен: screenshot_0001.png
2025-10-22 11:22:58 - ScreenshotTool - INFO - Статус обновлен: Скриншот окна сохранен: screenshot_0001.png
2025-10-22 11:22:59 - ScreenshotTool - INFO - Начинаем создание скриншота
2025-10-22 11:22:59 - ScreenshotTool - INFO - Скриншот окна сохранен: screenshot_0002.png
2025-10-22 11:22:59 - ScreenshotTool - INFO - Статус обновлен: Скриншот окна сохранен: screenshot_0002.png
2025-10-22 11:23:01 - ScreenshotTool - INFO - Excel экспорт: C:/Users/ADVMANAGER/Desktop/WORK FOLDER/Shot/dist/screenshots_export_20251022_112300.xlsx (3 скриншотов)
2025-10-22 11:23:43 - ScreenshotTool - INFO - Статус обновлен: Режим захвата активного окна выключен
2025-10-22 11:23:43 - ScreenshotTool - INFO - Статус обновлен: Горячая клавиша выключена
