2025-10-22 09:36:45 - ScreenshotTool - INFO - Тестовое сообщение
2025-10-22 09:36:45 - ScreenshotTool - WARNING - Тестовое предупреждение
2025-10-22 09:36:45 - ScreenshotTool - ERROR - Тестовая ошибка
2025-10-22 09:39:29 - ScreenshotTool - INFO - Настройки сохранены
2025-10-22 09:39:29 - ScreenshotTool - INFO - Настройки изменены, обновляем конфигурацию
2025-10-22 09:39:54 - ScreenshotTool - INFO - Начинаем создание скриншота
2025-10-22 09:39:54 - ScreenshotTool - INFO - Скриншот окна сохранен: screenshot_0000.png
2025-10-22 09:39:56 - ScreenshotTool - INFO - Начинаем создание скриншота
2025-10-22 09:39:56 - ScreenshotTool - INFO - Скриншот окна сохранен: screenshot_0001.png
2025-10-22 09:39:59 - ScreenshotTool - INFO - Начинаем создание скриншота
2025-10-22 09:39:59 - ScreenshotTool - INFO - Скриншот окна сохранен: screenshot_0002.png
2025-10-22 09:40:02 - ScreenshotTool - INFO - Начинаем создание скриншота
2025-10-22 09:40:03 - ScreenshotTool - INFO - Скриншот окна сохранен: screenshot_0003.png
2025-10-22 09:40:06 - ScreenshotTool - INFO - Начинаем создание скриншота
2025-10-22 09:40:07 - ScreenshotTool - INFO - Скриншот экрана сохранен: screenshot_0004.png
2025-10-22 09:40:09 - ScreenshotTool - INFO - Начинаем создание скриншота
2025-10-22 09:40:09 - ScreenshotTool - INFO - Скриншот окна сохранен: screenshot_0005.png
2025-10-22 09:40:14 - ScreenshotTool - INFO - Excel файл открыт для просмотра
2025-10-22 09:40:14 - ScreenshotTool - INFO - Excel экспорт: C:/Users/ADVMANAGER/Desktop/WORK FOLDER/Shot/Shots/123.xlsx (6 скриншотов)
2025-10-22 09:40:39 - ScreenshotTool - INFO - Настройки сохранены
2025-10-22 09:40:39 - ScreenshotTool - INFO - Настройки изменены, обновляем конфигурацию
2025-10-22 09:40:59 - ScreenshotTool - INFO - Начинаем создание скриншота
2025-10-22 09:41:00 - ScreenshotTool - INFO - Скриншот окна сохранен: screenshot_0000.png
2025-10-22 09:41:01 - ScreenshotTool - INFO - Начинаем создание скриншота
2025-10-22 09:41:01 - ScreenshotTool - INFO - Скриншот экрана сохранен: screenshot_0001.png
2025-10-22 09:41:02 - ScreenshotTool - INFO - Начинаем создание скриншота
2025-10-22 09:41:03 - ScreenshotTool - INFO - Скриншот окна сохранен: screenshot_0002.png
2025-10-22 09:41:05 - ScreenshotTool - INFO - Excel файл открыт для просмотра
2025-10-22 09:41:05 - ScreenshotTool - INFO - Excel экспорт: C:/Users/ADVMANAGER/Desktop/WORK FOLDER/Shot/Shots/screenshots_export_20251022_094103.xlsx (3 скриншотов)
2025-10-22 09:49:48 - ScreenshotTool - INFO - Настройки сохранены
2025-10-22 09:49:48 - ScreenshotTool - INFO - Настройки изменены, обновляем конфигурацию
2025-10-22 09:50:01 - ScreenshotTool - INFO - Начинаем создание скриншота
2025-10-22 09:50:01 - ScreenshotTool - INFO - Скриншот окна сохранен: screenshot_0000.png
2025-10-22 09:50:03 - ScreenshotTool - INFO - Начинаем создание скриншота
2025-10-22 09:50:04 - ScreenshotTool - INFO - Скриншот окна сохранен: screenshot_0001.png
2025-10-22 09:50:06 - ScreenshotTool - INFO - Начинаем создание скриншота
2025-10-22 09:50:06 - ScreenshotTool - INFO - Скриншот окна сохранен: screenshot_0002.png
2025-10-22 09:50:08 - ScreenshotTool - INFO - Начинаем создание скриншота
2025-10-22 09:50:08 - ScreenshotTool - INFO - Скриншот экрана сохранен: screenshot_0003.png
2025-10-22 09:50:14 - ScreenshotTool - INFO - Excel файл открыт для просмотра
2025-10-22 09:50:14 - ScreenshotTool - INFO - Excel экспорт: C:/Users/ADVMANAGER/Desktop/WORK FOLDER/Shot/Shots/screenshots_export_20251022_094103.xlsx (4 скриншотов)
2025-10-22 10:09:39 - ScreenshotTool - INFO - Статус обновлен: Режим захвата активного окна выключен
2025-10-22 10:09:39 - ScreenshotTool - INFO - Статус обновлен: Горячая клавиша выключена
2025-10-22 10:09:39 - ScreenshotTool - INFO - UI сброшен после выбора папки
2025-10-22 10:10:03 - ScreenshotTool - INFO - Статус обновлен: Режим захвата активного окна включен
2025-10-22 10:10:05 - ScreenshotTool - INFO - Статус обновлен: Горячие клавиши: (print screen или insert)
2025-10-22 10:10:09 - ScreenshotTool - INFO - Начинаем создание скриншота
2025-10-22 10:10:10 - ScreenshotTool - INFO - Скриншот окна сохранен: screenshot_0000.png
2025-10-22 10:10:10 - ScreenshotTool - INFO - Статус обновлен: Скриншот окна сохранен: screenshot_0000.png
2025-10-22 10:10:12 - ScreenshotTool - INFO - Статус обновлен: Режим захвата активного окна выключен
2025-10-22 10:10:13 - ScreenshotTool - INFO - Начинаем создание скриншота
2025-10-22 10:10:13 - ScreenshotTool - INFO - Скриншот экрана сохранен: screenshot_0001.png
2025-10-22 10:10:13 - ScreenshotTool - INFO - Статус обновлен: Скриншот экрана сохранен: screenshot_0001.png
2025-10-22 10:10:14 - ScreenshotTool - INFO - Статус обновлен: Режим захвата активного окна включен
2025-10-22 10:10:15 - ScreenshotTool - INFO - Начинаем создание скриншота
2025-10-22 10:10:15 - ScreenshotTool - INFO - Скриншот окна сохранен: screenshot_0002.png
2025-10-22 10:10:15 - ScreenshotTool - INFO - Статус обновлен: Скриншот окна сохранен: screenshot_0002.png
2025-10-22 10:10:16 - ScreenshotTool - INFO - Начинаем создание скриншота
2025-10-22 10:10:16 - ScreenshotTool - WARNING - Попытка создания скриншота во время активного захвата
2025-10-22 10:10:16 - ScreenshotTool - INFO - Статус обновлен: Подождите, идет создание скриншота...
2025-10-22 10:10:16 - ScreenshotTool - INFO - Скриншот окна сохранен: screenshot_0003.png
2025-10-22 10:10:16 - ScreenshotTool - INFO - Статус обновлен: Скриншот окна сохранен: screenshot_0003.png
2025-10-22 10:10:16 - ScreenshotTool - INFO - Статус обновлен: Слишком быстро! Подождите 0.4 сек
2025-10-22 10:10:19 - ScreenshotTool - INFO - Начинаем создание скриншота
2025-10-22 10:10:20 - ScreenshotTool - WARNING - Попытка создания скриншота во время активного захвата
2025-10-22 10:10:20 - ScreenshotTool - INFO - Статус обновлен: Подождите, идет создание скриншота...
2025-10-22 10:10:20 - ScreenshotTool - INFO - Скриншот окна сохранен: screenshot_0004.png
2025-10-22 10:10:20 - ScreenshotTool - INFO - Статус обновлен: Скриншот окна сохранен: screenshot_0004.png
2025-10-22 10:10:20 - ScreenshotTool - INFO - Статус обновлен: Слишком быстро! Подождите 0.4 сек
2025-10-22 10:10:29 - ScreenshotTool - INFO - Excel файл открыт для просмотра
2025-10-22 10:10:29 - ScreenshotTool - INFO - Excel экспорт: C:/Users/ADVMANAGER/Desktop/WORK FOLDER/Shot/Shots/screenshots_export_20251022_094103.xlsx (5 скриншотов)
2025-10-22 10:10:41 - ScreenshotTool - INFO - Очистка завершена: удалено 5 скриншотов, сохранено 1 Excel файлов
2025-10-22 10:10:41 - ScreenshotTool - INFO - Статус обновлен: ✅ Удалено 5 скриншотов. Сохранено 1 Excel файлов.
2025-10-22 10:15:08 - ScreenshotTool - INFO - Начинаем создание скриншота
2025-10-22 10:15:09 - ScreenshotTool - INFO - Скриншот окна сохранен: screenshot_0000.png
2025-10-22 10:15:09 - ScreenshotTool - INFO - Статус обновлен: Скриншот окна сохранен: screenshot_0000.png
2025-10-22 10:15:13 - ScreenshotTool - INFO - Статус обновлен: Режим захвата активного окна выключен
2025-10-22 10:15:13 - ScreenshotTool - INFO - Начинаем создание скриншота
2025-10-22 10:15:14 - ScreenshotTool - INFO - Скриншот экрана сохранен: screenshot_0001.png
2025-10-22 10:15:14 - ScreenshotTool - INFO - Статус обновлен: Скриншот экрана сохранен: screenshot_0001.png
2025-10-22 10:15:14 - ScreenshotTool - INFO - Статус обновлен: Режим захвата активного окна включен
2025-10-22 10:15:15 - ScreenshotTool - INFO - Начинаем создание скриншота
2025-10-22 10:15:15 - ScreenshotTool - INFO - Скриншот окна сохранен: screenshot_0002.png
2025-10-22 10:15:15 - ScreenshotTool - INFO - Статус обновлен: Скриншот окна сохранен: screenshot_0002.png
2025-10-22 10:15:22 - ScreenshotTool - INFO - Excel файл открыт для просмотра
2025-10-22 10:15:22 - ScreenshotTool - INFO - Excel экспорт: C:/Users/ADVMANAGER/Desktop/WORK FOLDER/Shot/Shots/screenshots_export_20251022_094103.xlsx (3 скриншотов)
2025-10-22 10:15:35 - ScreenshotTool - INFO - Очистка завершена: удалено 3 скриншотов, сохранено 1 Excel файлов
2025-10-22 10:15:35 - ScreenshotTool - INFO - Статус обновлен: ✅ Удалено 3 скриншотов. Сохранено 1 Excel файлов.
2025-10-22 10:15:39 - ScreenshotTool - INFO - Статус обновлен: Режим захвата активного окна выключен
2025-10-22 10:15:39 - ScreenshotTool - INFO - Статус обновлен: Горячая клавиша выключена
2025-10-22 10:15:44 - ScreenshotTool - INFO - Статус обновлен: Режим захвата активного окна выключен
2025-10-22 10:15:44 - ScreenshotTool - INFO - Статус обновлен: Горячая клавиша выключена
2025-10-22 10:15:48 - ScreenshotTool - INFO - Статус обновлен: Режим захвата активного окна выключен
2025-10-22 10:15:48 - ScreenshotTool - INFO - Статус обновлен: Горячая клавиша выключена
2025-10-22 10:15:51 - ScreenshotTool - INFO - Статус обновлен: Режим захвата активного окна выключен
2025-10-22 10:15:51 - ScreenshotTool - INFO - Статус обновлен: Горячая клавиша выключена
2025-10-22 10:15:53 - ScreenshotTool - INFO - Статус обновлен: Режим захвата активного окна выключен
2025-10-22 10:15:53 - ScreenshotTool - INFO - Статус обновлен: Горячая клавиша выключена
2025-10-22 10:15:56 - ScreenshotTool - INFO - Статус обновлен: Режим захвата активного окна выключен
2025-10-22 10:15:56 - ScreenshotTool - INFO - Статус обновлен: Горячая клавиша выключена
2025-10-22 10:15:59 - ScreenshotTool - INFO - Статус обновлен: Режим захвата активного окна выключен
2025-10-22 10:15:59 - ScreenshotTool - INFO - Статус обновлен: Горячая клавиша выключена
2025-10-22 10:16:02 - ScreenshotTool - INFO - Статус обновлен: Режим захвата активного окна выключен
2025-10-22 10:16:02 - ScreenshotTool - INFO - Статус обновлен: Горячая клавиша выключена
2025-10-22 10:16:04 - ScreenshotTool - INFO - Статус обновлен: Режим захвата активного окна выключен
2025-10-22 10:16:04 - ScreenshotTool - INFO - Статус обновлен: Горячая клавиша выключена
2025-10-22 10:41:33 - ScreenshotTool - INFO - Статус обновлен: Режим захвата активного окна выключен
2025-10-22 10:41:33 - ScreenshotTool - INFO - Статус обновлен: Горячая клавиша выключена
2025-10-22 10:41:33 - ScreenshotTool - INFO - UI сброшен после выбора папки
2025-10-22 10:41:35 - ScreenshotTool - INFO - Статус обновлен: Режим захвата активного окна включен
2025-10-22 10:41:36 - ScreenshotTool - INFO - Статус обновлен: Горячие клавиши: (print screen или insert)
2025-10-22 10:41:37 - ScreenshotTool - INFO - Начинаем создание скриншота
2025-10-22 10:41:38 - ScreenshotTool - INFO - Скриншот окна сохранен: screenshot_0000.png
2025-10-22 10:41:38 - ScreenshotTool - INFO - Статус обновлен: Скриншот окна сохранен: screenshot_0000.png
2025-10-22 10:41:38 - ScreenshotTool - INFO - Статус обновлен: Слишком быстро! Подождите 0.0 сек
2025-10-22 10:41:39 - ScreenshotTool - INFO - Начинаем создание скриншота
2025-10-22 10:41:40 - ScreenshotTool - INFO - Скриншот окна сохранен: screenshot_0001.png
2025-10-22 10:41:40 - ScreenshotTool - INFO - Статус обновлен: Скриншот окна сохранен: screenshot_0001.png
2025-10-22 10:41:42 - ScreenshotTool - INFO - Начинаем создание скриншота
2025-10-22 10:41:43 - ScreenshotTool - INFO - Статус обновлен: Скриншот окна сохранен: screenshot_0002.png
2025-10-22 10:41:43 - ScreenshotTool - INFO - Скриншот окна сохранен: screenshot_0002.png
2025-10-22 10:41:45 - ScreenshotTool - WARNING - Попытка создания скриншота во время активного захвата
2025-10-22 10:41:45 - ScreenshotTool - INFO - Статус обновлен: Подождите, идет создание скриншота...
2025-10-22 10:41:49 - ScreenshotTool - INFO - Начинаем создание скриншота
2025-10-22 10:41:49 - ScreenshotTool - INFO - Статус обновлен: Скриншот окна сохранен: screenshot_0003.png
2025-10-22 10:41:49 - ScreenshotTool - INFO - Скриншот окна сохранен: screenshot_0003.png
2025-10-22 10:41:53 - ScreenshotTool - INFO - Начинаем создание скриншота
2025-10-22 10:41:53 - ScreenshotTool - INFO - Скриншот окна сохранен: screenshot_0004.png
2025-10-22 10:41:53 - ScreenshotTool - INFO - Статус обновлен: Скриншот окна сохранен: screenshot_0004.png
2025-10-22 10:41:55 - ScreenshotTool - INFO - Начинаем создание скриншота
2025-10-22 10:41:56 - ScreenshotTool - INFO - Статус обновлен: Скриншот окна сохранен: screenshot_0005.png
2025-10-22 10:41:56 - ScreenshotTool - INFO - Скриншот окна сохранен: screenshot_0005.png
2025-10-22 10:41:59 - ScreenshotTool - INFO - Статус обновлен: Режим захвата активного окна выключен
2025-10-22 10:42:00 - ScreenshotTool - INFO - Начинаем создание скриншота
2025-10-22 10:42:01 - ScreenshotTool - INFO - Статус обновлен: Скриншот экрана сохранен: screenshot_0006.png
2025-10-22 10:42:01 - ScreenshotTool - INFO - Скриншот экрана сохранен: screenshot_0006.png
2025-10-22 10:42:01 - ScreenshotTool - INFO - Статус обновлен: Режим захвата активного окна включен
2025-10-22 10:42:01 - ScreenshotTool - INFO - Начинаем создание скриншота
2025-10-22 10:42:02 - ScreenshotTool - INFO - Скриншот окна сохранен: screenshot_0007.png
2025-10-22 10:42:02 - ScreenshotTool - INFO - Статус обновлен: Скриншот окна сохранен: screenshot_0007.png
2025-10-22 10:42:10 - ScreenshotTool - INFO - Excel файл открыт для просмотра
2025-10-22 10:42:10 - ScreenshotTool - INFO - Excel экспорт: C:/Users/ADVMANAGER/Desktop/WORK FOLDER/Shot/Shots/screenshots_export_20251022_104207.xlsx (8 скриншотов)
2025-10-22 10:42:23 - ScreenshotTool - INFO - Очистка завершена: удалено 8 скриншотов, сохранено 2 Excel файлов
2025-10-22 10:42:23 - ScreenshotTool - INFO - Статус обновлен: ✅ Удалено 8 скриншотов. Сохранено 2 Excel файлов.
2025-10-22 10:42:39 - ScreenshotTool - INFO - Статус обновлен: Режим захвата активного окна выключен
2025-10-22 10:42:39 - ScreenshotTool - INFO - Статус обновлен: Горячая клавиша выключена
2025-10-22 11:01:13 - ScreenshotTool - INFO - Статус обновлен: Режим захвата активного окна выключен
2025-10-22 11:01:13 - ScreenshotTool - INFO - Статус обновлен: Режим захвата активного окна выключен
2025-10-22 11:01:13 - ScreenshotTool - INFO - Статус обновлен: Горячая клавиша выключена
2025-10-22 11:01:13 - ScreenshotTool - INFO - UI сброшен после выбора папки
2025-10-22 11:01:22 - ScreenshotTool - INFO - Статус обновлен: Режим захвата активного окна включен
2025-10-22 11:01:23 - ScreenshotTool - INFO - Статус обновлен: Горячие клавиши: (print screen или insert)
2025-10-22 11:01:26 - ScreenshotTool - INFO - Начинаем создание скриншота
2025-10-22 11:01:27 - ScreenshotTool - INFO - Скриншот окна сохранен: screenshot_0000.png
2025-10-22 11:01:27 - ScreenshotTool - INFO - Статус обновлен: Скриншот окна сохранен: screenshot_0000.png
2025-10-22 11:01:29 - ScreenshotTool - INFO - Начинаем создание скриншота
2025-10-22 11:01:30 - ScreenshotTool - INFO - Скриншот окна сохранен: screenshot_0001.png
2025-10-22 11:01:30 - ScreenshotTool - INFO - Статус обновлен: Скриншот окна сохранен: screenshot_0001.png
2025-10-22 11:01:33 - ScreenshotTool - INFO - Статус обновлен: Режим захвата активного окна выключен
2025-10-22 11:01:33 - ScreenshotTool - INFO - Начинаем создание скриншота
2025-10-22 11:01:33 - ScreenshotTool - INFO - Скриншот экрана сохранен: screenshot_0002.png
2025-10-22 11:01:33 - ScreenshotTool - INFO - Статус обновлен: Скриншот экрана сохранен: screenshot_0002.png
2025-10-22 11:01:33 - ScreenshotTool - INFO - Статус обновлен: Режим захвата активного окна включен
2025-10-22 11:01:34 - ScreenshotTool - INFO - Статус обновлен: Слишком быстро! Подождите 0.1 сек
2025-10-22 11:01:39 - ScreenshotTool - INFO - Начинаем создание скриншота
2025-10-22 11:01:40 - ScreenshotTool - INFO - Скриншот окна сохранен: screenshot_0003.png
2025-10-22 11:01:40 - ScreenshotTool - INFO - Статус обновлен: Скриншот окна сохранен: screenshot_0003.png
2025-10-22 11:01:50 - ScreenshotTool - INFO - Excel файл открыт для просмотра
2025-10-22 11:01:50 - ScreenshotTool - INFO - Excel экспорт: C:/Users/ADVMANAGER/Desktop/WORK FOLDER/Shot/Shots/screenshots_export_20251022_094103.xlsx (4 скриншотов)
2025-10-22 11:02:01 - ScreenshotTool - INFO - Очистка завершена: удалено 4 скриншотов, сохранено 2 Excel файлов
2025-10-22 11:02:01 - ScreenshotTool - INFO - Статус обновлен: ✅ Удалено 4 скриншотов. Сохранено 2 Excel файлов.
2025-10-22 11:02:08 - ScreenshotTool - INFO - Настройки сохранены
2025-10-22 11:02:08 - ScreenshotTool - INFO - Настройки изменены, обновляем конфигурацию
2025-10-22 11:02:08 - ScreenshotTool - INFO - Статус обновлен: Настройки обновлены
2025-10-22 11:02:11 - ScreenshotTool - INFO - Начинаем создание скриншота
2025-10-22 11:02:11 - ScreenshotTool - INFO - Скриншот окна сохранен: screenshot_0000.png
2025-10-22 11:02:11 - ScreenshotTool - INFO - Статус обновлен: Скриншот окна сохранен: screenshot_0000.png
2025-10-22 11:02:12 - ScreenshotTool - INFO - Начинаем создание скриншота
2025-10-22 11:02:13 - ScreenshotTool - INFO - Скриншот окна сохранен: screenshot_0001.png
2025-10-22 11:02:13 - ScreenshotTool - INFO - Статус обновлен: Скриншот окна сохранен: screenshot_0001.png
2025-10-22 11:02:13 - ScreenshotTool - INFO - Начинаем создание скриншота
2025-10-22 11:02:14 - ScreenshotTool - INFO - Скриншот окна сохранен: screenshot_0002.png
2025-10-22 11:02:14 - ScreenshotTool - INFO - Статус обновлен: Скриншот окна сохранен: screenshot_0002.png
2025-10-22 11:02:22 - ScreenshotTool - INFO - Excel файл открыт для просмотра
2025-10-22 11:02:22 - ScreenshotTool - INFO - Excel экспорт: C:/Users/ADVMANAGER/Desktop/WORK FOLDER/Shot/Shots/screenshots_export_20251022_094103.xlsx (3 скриншотов)
2025-10-22 11:02:35 - ScreenshotTool - INFO - Очистка завершена: удалено 3 скриншотов, сохранено 2 Excel файлов
2025-10-22 11:02:35 - ScreenshotTool - INFO - Статус обновлен: ✅ Удалено 3 скриншотов. Сохранено 2 Excel файлов.
2025-10-22 11:02:40 - ScreenshotTool - INFO - Настройки сохранены
2025-10-22 11:02:40 - ScreenshotTool - INFO - Настройки изменены, обновляем конфигурацию
2025-10-22 11:02:40 - ScreenshotTool - INFO - Статус обновлен: Настройки обновлены
2025-10-22 11:02:45 - ScreenshotTool - INFO - Начинаем создание скриншота
2025-10-22 11:02:45 - ScreenshotTool - INFO - Скриншот окна сохранен: screenshot_0000.png
2025-10-22 11:02:45 - ScreenshotTool - INFO - Статус обновлен: Скриншот окна сохранен: screenshot_0000.png
2025-10-22 11:02:46 - ScreenshotTool - INFO - Статус обновлен: Слишком быстро! Подождите 0.0 сек
2025-10-22 11:02:47 - ScreenshotTool - INFO - Начинаем создание скриншота
2025-10-22 11:02:47 - ScreenshotTool - INFO - Скриншот окна сохранен: screenshot_0001.png
2025-10-22 11:02:47 - ScreenshotTool - INFO - Статус обновлен: Скриншот окна сохранен: screenshot_0001.png
2025-10-22 11:02:51 - ScreenshotTool - INFO - Начинаем создание скриншота
2025-10-22 11:02:51 - ScreenshotTool - INFO - Скриншот окна сохранен: screenshot_0002.png
2025-10-22 11:02:51 - ScreenshotTool - INFO - Статус обновлен: Скриншот окна сохранен: screenshot_0002.png
2025-10-22 11:03:00 - ScreenshotTool - INFO - Excel файл открыт для просмотра
2025-10-22 11:03:00 - ScreenshotTool - INFO - Excel экспорт: C:/Users/ADVMANAGER/Desktop/WORK FOLDER/Shot/Shots/screenshots_export_20251022_094103.xlsx (3 скриншотов)
2025-10-22 11:03:07 - ScreenshotTool - INFO - Очистка завершена: удалено 3 скриншотов, сохранено 2 Excel файлов
2025-10-22 11:03:07 - ScreenshotTool - INFO - Статус обновлен: ✅ Удалено 3 скриншотов. Сохранено 2 Excel файлов.
2025-10-22 11:03:11 - ScreenshotTool - INFO - Начинаем создание скриншота
2025-10-22 11:03:12 - ScreenshotTool - INFO - Скриншот окна сохранен: screenshot_0000.png
2025-10-22 11:03:12 - ScreenshotTool - INFO - Статус обновлен: Скриншот окна сохранен: screenshot_0000.png
2025-10-22 11:03:13 - ScreenshotTool - INFO - Начинаем создание скриншота
2025-10-22 11:03:13 - ScreenshotTool - INFO - Скриншот окна сохранен: screenshot_0001.png
2025-10-22 11:03:13 - ScreenshotTool - INFO - Статус обновлен: Скриншот окна сохранен: screenshot_0001.png
2025-10-22 11:03:14 - ScreenshotTool - INFO - Начинаем создание скриншота
2025-10-22 11:03:15 - ScreenshotTool - INFO - Скриншот окна сохранен: screenshot_0002.png
2025-10-22 11:03:15 - ScreenshotTool - INFO - Статус обновлен: Скриншот окна сохранен: screenshot_0002.png
2025-10-22 11:03:21 - ScreenshotTool - INFO - Excel файл открыт для просмотра
2025-10-22 11:03:21 - ScreenshotTool - INFO - Excel экспорт: C:/Users/ADVMANAGER/Desktop/WORK FOLDER/Shot/Shots/screenshots_export_20251022_094103.xlsx (3 скриншотов)
2025-10-22 11:03:31 - ScreenshotTool - INFO - Очистка завершена: удалено 3 скриншотов, сохранено 2 Excel файлов
2025-10-22 11:03:31 - ScreenshotTool - INFO - Статус обновлен: ✅ Удалено 3 скриншотов. Сохранено 2 Excel файлов.
2025-10-22 11:04:52 - ScreenshotTool - INFO - Очистка завершена: удалено 0 скриншотов, сохранено 0 Excel файлов
2025-10-22 11:04:52 - ScreenshotTool - INFO - Статус обновлен: ✅ Удалено 0 скриншотов. Сохранено 0 Excel файлов.
2025-10-22 11:05:46 - ScreenshotTool - INFO - Статус обновлен: Режим захвата активного окна выключен
2025-10-22 11:05:46 - ScreenshotTool - INFO - Статус обновлен: Горячая клавиша выключена
2025-10-22 11:11:26 - ScreenshotTool - INFO - Сканирование VM 10.7.128.78...
2025-10-22 11:11:29 - ScreenshotTool - INFO - Порт 50000 доступен на 10.7.128.78
2025-10-22 11:11:29 - ScreenshotTool - INFO - Выбран порт 50000 для 10.7.128.78
2025-10-22 11:11:29 - ScreenshotTool - INFO - Путь к VM: \\10.7.128.78\C$\Users\ADVMANAGER\Desktop\WORK FOLDER
2025-10-22 11:11:29 - ScreenshotTool - INFO - Путь к VM определен: \\10.7.128.78\C$\Users\ADVMANAGER\Desktop\WORK FOLDER
2025-10-22 11:11:29 - ScreenshotTool - INFO - IP установлен: 78
2025-10-22 11:11:29 - ScreenshotTool - INFO - Статус обновлен: IP установлен: 10.7.128.78
2025-10-22 11:11:51 - ScreenshotTool - INFO - Статус обновлен: Режим захвата активного окна выключен
2025-10-22 11:11:51 - ScreenshotTool - INFO - Статус обновлен: Режим захвата активного окна выключен
2025-10-22 11:11:51 - ScreenshotTool - INFO - Статус обновлен: Горячая клавиша выключена
2025-10-22 11:11:51 - ScreenshotTool - INFO - UI сброшен после выбора папки
2025-10-22 11:11:53 - ScreenshotTool - INFO - Статус обновлен: Режим захвата активного окна включен
2025-10-22 11:11:53 - ScreenshotTool - INFO - Статус обновлен: Горячие клавиши: (print screen или insert)
2025-10-22 11:11:55 - ScreenshotTool - INFO - Начинаем создание скриншота
2025-10-22 11:11:55 - ScreenshotTool - INFO - Скриншот окна сохранен: screenshot_0000.png
2025-10-22 11:11:55 - ScreenshotTool - INFO - Статус обновлен: Скриншот окна сохранен: screenshot_0000.png
2025-10-22 11:11:56 - ScreenshotTool - INFO - Статус обновлен: Режим захвата активного окна выключен
2025-10-22 11:11:57 - ScreenshotTool - INFO - Начинаем создание скриншота
2025-10-22 11:11:57 - ScreenshotTool - INFO - Скриншот экрана сохранен: screenshot_0001.png
2025-10-22 11:11:57 - ScreenshotTool - INFO - Статус обновлен: Скриншот экрана сохранен: screenshot_0001.png
2025-10-22 11:11:58 - ScreenshotTool - INFO - Статус обновлен: Режим захвата активного окна включен
2025-10-22 11:11:59 - ScreenshotTool - INFO - Начинаем создание скриншота
2025-10-22 11:11:59 - ScreenshotTool - INFO - Скриншот окна сохранен: screenshot_0002.png
2025-10-22 11:11:59 - ScreenshotTool - INFO - Статус обновлен: Скриншот окна сохранен: screenshot_0002.png
2025-10-22 11:12:02 - ScreenshotTool - INFO - Начинаем создание скриншота
2025-10-22 11:12:02 - ScreenshotTool - INFO - Статус обновлен: Скриншот окна сохранен: screenshot_0003.png
2025-10-22 11:12:02 - ScreenshotTool - INFO - Скриншот окна сохранен: screenshot_0003.png
2025-10-22 11:12:07 - ScreenshotTool - INFO - Excel файл открыт для просмотра
2025-10-22 11:12:07 - ScreenshotTool - INFO - Excel экспорт: C:/Users/ADVMANAGER/Desktop/WORK FOLDER/Shot/Shots/123.xlsx (4 скриншотов)
2025-10-22 11:12:36 - ScreenshotTool - INFO - Статус обновлен: Режим захвата активного окна выключен
2025-10-22 11:12:36 - ScreenshotTool - INFO - Статус обновлен: Горячая клавиша выключена
